[2.634s] DEBUG:colcon:Command line arguments: ['/usr/bin/colcon', 'build']
[2.635s] DEBUG:colcon:Parsed command line arguments: Namespace(ament_cmake_args=None, base_paths=['.'], build_base='build', catkin_cmake_args=None, catkin_skip_building_tests=False, cmake_args=None, cmake_clean_cache=False, cmake_clean_first=False, cmake_force_configure=False, cmake_target=None, cmake_target_skip_unavailable=False, continue_on_error=False, event_handlers=None, executor='parallel', ignore_user_meta=False, install_base='install', log_base=None, log_level=None, main=<bound method BuildVerb.main of <colcon_core.verb.build.BuildVerb object at 0x7f7113bf6b80>>, merge_install=False, metas=['./colcon.meta'], packages_above=None, packages_above_and_dependencies=None, packages_above_depth=None, packages_end=None, packages_ignore=None, packages_ignore_regex=None, packages_select=None, packages_select_build_failed=False, packages_select_by_dep=None, packages_select_regex=None, packages_select_test_failures=False, packages_skip=None, packages_skip_build_finished=False, packages_skip_by_dep=None, packages_skip_regex=None, packages_skip_test_passed=False, packages_skip_up_to=None, packages_start=None, packages_up_to=None, packages_up_to_regex=None, parallel_workers=6, paths=None, symlink_install=False, test_result_base=None, verb_extension=<colcon_core.verb.build.BuildVerb object at 0x7f7113bf6b80>, verb_name='build', verb_parser=<colcon_defaults.argument_parser.defaults.DefaultArgumentsDecorator object at 0x7f71137ec640>)
[2.772s] Level 1:colcon.colcon_core.package_discovery:discover_packages(colcon_meta) check parameters
[2.774s] Level 1:colcon.colcon_core.package_discovery:discover_packages(recursive) check parameters
[2.775s] Level 1:colcon.colcon_core.package_discovery:discover_packages(ignore) check parameters
[2.775s] Level 1:colcon.colcon_core.package_discovery:discover_packages(path) check parameters
[2.776s] Level 1:colcon.colcon_core.package_discovery:discover_packages(colcon_meta) discover
[2.776s] Level 1:colcon.colcon_core.package_discovery:discover_packages(recursive) discover
[2.777s] INFO:colcon.colcon_core.package_discovery:Crawling recursively for packages in '/home/racecar/racecar_ws/src/final_challenge2024/city_driving'
[2.779s] Level 1:colcon.colcon_core.package_identification:_identify(.) by extensions ['ignore', 'ignore_ament_install']
[2.780s] Level 1:colcon.colcon_core.package_identification:_identify(.) by extension 'ignore'
[2.781s] Level 1:colcon.colcon_core.package_identification:_identify(.) by extension 'ignore_ament_install'
[2.782s] Level 1:colcon.colcon_core.package_identification:_identify(.) by extensions ['colcon_pkg']
[2.783s] Level 1:colcon.colcon_core.package_identification:_identify(.) by extension 'colcon_pkg'
[2.783s] Level 1:colcon.colcon_core.package_identification:_identify(.) by extensions ['colcon_meta']
[2.784s] Level 1:colcon.colcon_core.package_identification:_identify(.) by extension 'colcon_meta'
[2.784s] Level 1:colcon.colcon_core.package_identification:_identify(.) by extensions ['ros']
[2.785s] Level 1:colcon.colcon_core.package_identification:_identify(.) by extension 'ros'
[2.800s] Level 1:colcon.colcon_core.package_identification:_identify(.) by extensions ['cmake', 'python']
[2.801s] Level 1:colcon.colcon_core.package_identification:_identify(.) by extension 'cmake'
[2.802s] Level 1:colcon.colcon_core.package_identification:_identify(.) by extension 'python'
[2.802s] Level 1:colcon.colcon_core.package_identification:_identify(.) by extensions ['python_setup_py']
[2.803s] Level 1:colcon.colcon_core.package_identification:_identify(.) by extension 'python_setup_py'
[2.806s] Level 1:colcon.colcon_core.package_identification:_identify(build) by extensions ['ignore', 'ignore_ament_install']
[2.806s] Level 1:colcon.colcon_core.package_identification:_identify(build) by extension 'ignore'
[2.807s] Level 1:colcon.colcon_core.package_identification:_identify(build) ignored
[2.809s] Level 1:colcon.colcon_core.package_identification:_identify(install) by extensions ['ignore', 'ignore_ament_install']
[2.810s] Level 1:colcon.colcon_core.package_identification:_identify(install) by extension 'ignore'
[2.810s] Level 1:colcon.colcon_core.package_identification:_identify(install) ignored
[2.815s] Level 1:colcon.colcon_core.package_identification:_identify(log) by extensions ['ignore', 'ignore_ament_install']
[2.815s] Level 1:colcon.colcon_core.package_identification:_identify(log) by extension 'ignore'
[2.816s] Level 1:colcon.colcon_core.package_identification:_identify(log) ignored
[2.817s] Level 1:colcon.colcon_core.package_identification:_identify(src) by extensions ['ignore', 'ignore_ament_install']
[2.818s] Level 1:colcon.colcon_core.package_identification:_identify(src) by extension 'ignore'
[2.819s] Level 1:colcon.colcon_core.package_identification:_identify(src) by extension 'ignore_ament_install'
[2.820s] Level 1:colcon.colcon_core.package_identification:_identify(src) by extensions ['colcon_pkg']
[2.821s] Level 1:colcon.colcon_core.package_identification:_identify(src) by extension 'colcon_pkg'
[2.822s] Level 1:colcon.colcon_core.package_identification:_identify(src) by extensions ['colcon_meta']
[2.822s] Level 1:colcon.colcon_core.package_identification:_identify(src) by extension 'colcon_meta'
[2.823s] Level 1:colcon.colcon_core.package_identification:_identify(src) by extensions ['ros']
[2.823s] Level 1:colcon.colcon_core.package_identification:_identify(src) by extension 'ros'
[2.825s] Level 1:colcon.colcon_core.package_identification:_identify(src) by extensions ['cmake', 'python']
[2.826s] Level 1:colcon.colcon_core.package_identification:_identify(src) by extension 'cmake'
[2.827s] Level 1:colcon.colcon_core.package_identification:_identify(src) by extension 'python'
[2.828s] Level 1:colcon.colcon_core.package_identification:_identify(src) by extensions ['python_setup_py']
[2.828s] Level 1:colcon.colcon_core.package_identification:_identify(src) by extension 'python_setup_py'
[2.829s] Level 1:colcon.colcon_core.package_identification:_identify(stop_detector) by extensions ['ignore', 'ignore_ament_install']
[2.830s] Level 1:colcon.colcon_core.package_identification:_identify(stop_detector) by extension 'ignore'
[2.831s] Level 1:colcon.colcon_core.package_identification:_identify(stop_detector) by extension 'ignore_ament_install'
[2.832s] Level 1:colcon.colcon_core.package_identification:_identify(stop_detector) by extensions ['colcon_pkg']
[2.833s] Level 1:colcon.colcon_core.package_identification:_identify(stop_detector) by extension 'colcon_pkg'
[2.834s] Level 1:colcon.colcon_core.package_identification:_identify(stop_detector) by extensions ['colcon_meta']
[2.834s] Level 1:colcon.colcon_core.package_identification:_identify(stop_detector) by extension 'colcon_meta'
[2.835s] Level 1:colcon.colcon_core.package_identification:_identify(stop_detector) by extensions ['ros']
[2.836s] Level 1:colcon.colcon_core.package_identification:_identify(stop_detector) by extension 'ros'
[2.838s] Level 1:colcon.colcon_core.package_identification:_identify(stop_detector) by extensions ['cmake', 'python']
[2.838s] Level 1:colcon.colcon_core.package_identification:_identify(stop_detector) by extension 'cmake'
[2.839s] Level 1:colcon.colcon_core.package_identification:_identify(stop_detector) by extension 'python'
[2.840s] Level 1:colcon.colcon_core.package_identification:_identify(stop_detector) by extensions ['python_setup_py']
[2.841s] Level 1:colcon.colcon_core.package_identification:_identify(stop_detector) by extension 'python_setup_py'
[2.841s] Level 1:colcon.colcon_core.package_discovery:discover_packages(recursive) using defaults
[2.842s] Level 1:colcon.colcon_core.package_discovery:discover_packages(ignore) discover
[2.842s] Level 1:colcon.colcon_core.package_discovery:discover_packages(ignore) using defaults
[2.843s] Level 1:colcon.colcon_core.package_discovery:discover_packages(path) discover
[2.843s] Level 1:colcon.colcon_core.package_discovery:discover_packages(path) using defaults
[3.115s] INFO:colcon.colcon_core.executor:Executing jobs using 'parallel' executor
[3.170s] DEBUG:colcon.colcon_parallel_executor.executor.parallel:run_until_complete
[3.172s] DEBUG:colcon.colcon_parallel_executor.executor.parallel:closing loop
[3.172s] DEBUG:colcon.colcon_parallel_executor.executor.parallel:loop closed
[3.173s] DEBUG:colcon.colcon_parallel_executor.executor.parallel:run_until_complete finished with '0'
[3.174s] DEBUG:colcon.colcon_core.event_reactor:joining thread
[3.246s] INFO:colcon.colcon_core.plugin_system:Skipping extension 'colcon_notification.desktop_notification.notify_send': Could not find 'notify-send'
[3.247s] INFO:colcon.colcon_core.plugin_system:Skipping extension 'colcon_notification.desktop_notification.terminal_notifier': Not used on non-Darwin systems
[3.247s] INFO:colcon.colcon_core.plugin_system:Skipping extension 'colcon_notification.desktop_notification.win32': Not used on non-Windows systems
[3.248s] INFO:colcon.colcon_notification.desktop_notification:Sending desktop notification using 'notify2'
[3.248s] DEBUG:colcon.colcon_notification.desktop_notification.notify2:Failed to initialize notify2: org.freedesktop.DBus.Error.NotSupported: Unable to autolaunch a dbus-daemon without a $DISPLAY for X11
[3.249s] DEBUG:colcon.colcon_core.event_reactor:joined thread
[3.310s] INFO:colcon.colcon_core.plugin_system:Skipping extension 'colcon_core.shell.bat': Not used on non-Windows systems
[3.311s] INFO:colcon.colcon_core.shell:Creating prefix script '/home/racecar/racecar_ws/src/final_challenge2024/city_driving/install/local_setup.ps1'
[3.315s] INFO:colcon.colcon_core.shell:Creating prefix util module '/home/racecar/racecar_ws/src/final_challenge2024/city_driving/install/_local_setup_util_ps1.py'
[3.340s] INFO:colcon.colcon_core.shell:Creating prefix chain script '/home/racecar/racecar_ws/src/final_challenge2024/city_driving/install/setup.ps1'
[3.418s] INFO:colcon.colcon_core.shell:Creating prefix script '/home/racecar/racecar_ws/src/final_challenge2024/city_driving/install/local_setup.sh'
[3.422s] INFO:colcon.colcon_core.shell:Creating prefix util module '/home/racecar/racecar_ws/src/final_challenge2024/city_driving/install/_local_setup_util_sh.py'
[3.427s] INFO:colcon.colcon_core.shell:Creating prefix chain script '/home/racecar/racecar_ws/src/final_challenge2024/city_driving/install/setup.sh'
[3.509s] INFO:colcon.colcon_core.shell:Creating prefix script '/home/racecar/racecar_ws/src/final_challenge2024/city_driving/install/local_setup.bash'
[3.513s] INFO:colcon.colcon_core.shell:Creating prefix chain script '/home/racecar/racecar_ws/src/final_challenge2024/city_driving/install/setup.bash'
[3.592s] INFO:colcon.colcon_core.shell:Creating prefix script '/home/racecar/racecar_ws/src/final_challenge2024/city_driving/install/local_setup.zsh'
[3.596s] INFO:colcon.colcon_core.shell:Creating prefix chain script '/home/racecar/racecar_ws/src/final_challenge2024/city_driving/install/setup.zsh'
